<?xml version="1.0" encoding="UTF-8"?>
<testng-results ignored="0" total="1" passed="1" failed="0" skipped="0">
  <reporter-output>
  </reporter-output>
  <suite started-at="2024-09-18T11:41:57 IST" name="Default suite" finished-at="2024-09-18T11:42:10 IST" duration-ms="12797">
    <groups>
    </groups>
    <test started-at="2024-09-18T11:41:57 IST" name="Default test" finished-at="2024-09-18T11:42:10 IST" duration-ms="12797">
      <class name="extent_reports.Reports_ex">
        <test-method is-config="true" signature="report()[pri:0, instance:extent_reports.Reports_ex@18078bef]" started-at="2024-09-18T11:41:57 IST" name="report" finished-at="2024-09-18T11:41:58 IST" duration-ms="316" status="PASS">
          <reporter-output>
          </reporter-output>
        </test-method> <!-- report -->
        <test-method signature="demo()[pri:0, instance:extent_reports.Reports_ex@18078bef]" started-at="2024-09-18T11:41:58 IST" name="demo" finished-at="2024-09-18T11:42:10 IST" duration-ms="12423" status="PASS">
          <reporter-output>
          </reporter-output>
        </test-method> <!-- demo -->
      </class> <!-- extent_reports.Reports_ex -->
    </test> <!-- Default test -->
  </suite> <!-- Default suite -->
</testng-results>
